Unity3DProject/Library/Bee/Android/Prj/Mono2x/Gradle/launcher/build/intermediates/manifest_merge_blame_file/release/manifest-merger-blame-release-report.txt
1<?xml version="1.0" encoding="utf-8"?>
2<manifest xmlns:android="http://schemas.android.com/apk/res/android"
3    package="com.Engineria.BackgroundService"
4    android:installLocation="preferExternal"
5    android:versionCode="1"
6    android:versionName="0.3" >
7
8    <uses-sdk
9        android:minSdkVersion="26"
9-->src/main/AndroidManifest.xml
10        android:targetSdkVersion="32" />
10-->src/main/AndroidManifest.xml
11
12    <supports-screens
12-->src/main/AndroidManifest.xml:4:3-163
13        android:anyDensity="true"
13-->src/main/AndroidManifest.xml:4:135-160
14        android:largeScreens="true"
14-->src/main/AndroidManifest.xml:4:78-105
15        android:normalScreens="true"
15-->src/main/AndroidManifest.xml:4:49-77
16        android:smallScreens="true"
16-->src/main/AndroidManifest.xml:4:21-48
17        android:xlargeScreens="true" />
17-->src/main/AndroidManifest.xml:4:106-134
18
19    <uses-feature android:glEsVersion="0x00030000" />
19-->[:unityLibrary] AndroidManifest.xml:10:5-54
19-->[:unityLibrary] AndroidManifest.xml:10:19-51
20    <uses-feature
20-->[:unityLibrary] AndroidManifest.xml:11:5-13:36
21        android:name="android.hardware.vulkan.version"
21-->[:unityLibrary] AndroidManifest.xml:12:9-55
22        android:required="false" />
22-->[:unityLibrary] AndroidManifest.xml:13:9-33
23    <uses-feature
23-->[:unityLibrary] AndroidManifest.xml:14:5-16:36
24        android:name="android.hardware.touchscreen"
24-->[:unityLibrary] AndroidManifest.xml:15:9-52
25        android:required="false" />
25-->[:unityLibrary] AndroidManifest.xml:16:9-33
26    <uses-feature
26-->[:unityLibrary] AndroidManifest.xml:17:5-19:36
27        android:name="android.hardware.touchscreen.multitouch"
27-->[:unityLibrary] AndroidManifest.xml:18:9-63
28        android:required="false" />
28-->[:unityLibrary] AndroidManifest.xml:19:9-33
29    <uses-feature
29-->[:unityLibrary] AndroidManifest.xml:20:5-22:36
30        android:name="android.hardware.touchscreen.multitouch.distinct"
30-->[:unityLibrary] AndroidManifest.xml:21:9-72
31        android:required="false" />
31-->[:unityLibrary] AndroidManifest.xml:22:9-33
32
33    <uses-permission android:name="android.permission.FOREGROUND_SERVICE" />
33-->[:app-debug:] AndroidManifest.xml:11:5-77
33-->[:app-debug:] AndroidManifest.xml:11:22-74
34    <uses-permission android:name="android.permission.ACTIVITY_RECOGNITION" />
34-->[:app-debug:] AndroidManifest.xml:12:5-79
34-->[:app-debug:] AndroidManifest.xml:12:22-76
35    <uses-permission android:name="android.permission.READ_PHONE_STATE" />
35-->[:app-debug:] AndroidManifest.xml:13:5-75
35-->[:app-debug:] AndroidManifest.xml:13:22-72
36    <uses-permission android:name="android.permission.REQUEST_IGNORE_BATTERY_OPTIMIZATIONS" />
36-->[:app-debug:] AndroidManifest.xml:14:5-95
36-->[:app-debug:] AndroidManifest.xml:14:22-92
37    <uses-permission android:name="android.permission.RECEIVE_BOOT_COMPLETED" />
37-->[:app-debug:] AndroidManifest.xml:15:5-81
37-->[:app-debug:] AndroidManifest.xml:15:22-78
38
39    <application
39-->src/main/AndroidManifest.xml:3:3-83
40        android:name="com.kdg.toast.plugin.Bridge"
40-->[:app-debug:] AndroidManifest.xml:18:9-51
41        android:appComponentFactory="androidx.core.app.CoreComponentFactory"
41-->[:app-debug:] AndroidManifest.xml:19:9-77
42        android:extractNativeLibs="true"
42-->[:unityLibrary] AndroidManifest.xml:24:18-50
43        android:icon="@mipmap/app_icon"
43-->src/main/AndroidManifest.xml:3:49-80
44        android:label="@string/app_name" >
44-->src/main/AndroidManifest.xml:3:16-48
45        <meta-data
45-->[:unityLibrary] AndroidManifest.xml:25:9-27:33
46            android:name="unity.splash-mode"
46-->[:unityLibrary] AndroidManifest.xml:26:13-45
47            android:value="0" />
47-->[:unityLibrary] AndroidManifest.xml:27:13-30
48        <meta-data
48-->[:unityLibrary] AndroidManifest.xml:28:9-30:36
49            android:name="unity.splash-enable"
49-->[:unityLibrary] AndroidManifest.xml:29:13-47
50            android:value="True" />
50-->[:unityLibrary] AndroidManifest.xml:30:13-33
51        <meta-data
51-->[:unityLibrary] AndroidManifest.xml:31:9-33:36
52            android:name="unity.launch-fullscreen"
52-->[:unityLibrary] AndroidManifest.xml:32:13-51
53            android:value="True" />
53-->[:unityLibrary] AndroidManifest.xml:33:13-33
54        <meta-data
54-->[:unityLibrary] AndroidManifest.xml:34:9-36:37
55            android:name="unity.allow-resizable-window"
55-->[:unityLibrary] AndroidManifest.xml:35:13-56
56            android:value="False" />
56-->[:unityLibrary] AndroidManifest.xml:36:13-34
57        <meta-data
57-->[:unityLibrary] AndroidManifest.xml:37:9-39:50
58            android:name="notch.config"
58-->[:unityLibrary] AndroidManifest.xml:38:13-40
59            android:value="portrait|landscape" />
59-->[:unityLibrary] AndroidManifest.xml:39:13-47
60        <meta-data
60-->[:unityLibrary] AndroidManifest.xml:40:9-42:36
61            android:name="unity.auto-report-fully-drawn"
61-->[:unityLibrary] AndroidManifest.xml:41:13-57
62            android:value="true" />
62-->[:unityLibrary] AndroidManifest.xml:42:13-33
63
64        <activity
64-->[:unityLibrary] AndroidManifest.xml:44:9-65:20
65            android:name="com.unity3d.player.UnityPlayerActivity"
65-->[:unityLibrary] AndroidManifest.xml:45:13-66
66            android:configChanges="mcc|mnc|locale|touchscreen|keyboard|keyboardHidden|navigation|orientation|screenLayout|uiMode|screenSize|smallestScreenSize|fontScale|layoutDirection|density"
66-->[:unityLibrary] AndroidManifest.xml:46:13-194
67            android:exported="true"
67-->[:unityLibrary] AndroidManifest.xml:47:13-36
68            android:hardwareAccelerated="false"
68-->[:unityLibrary] AndroidManifest.xml:48:13-48
69            android:launchMode="singleTask"
69-->[:unityLibrary] AndroidManifest.xml:49:13-44
70            android:resizeableActivity="false"
70-->[:unityLibrary] AndroidManifest.xml:50:13-47
71            android:screenOrientation="portrait"
71-->[:unityLibrary] AndroidManifest.xml:51:13-49
72            android:theme="@style/UnityThemeSelector" >
72-->[:unityLibrary] AndroidManifest.xml:52:13-54
73            <intent-filter>
73-->[:unityLibrary] AndroidManifest.xml:53:13-57:29
74                <category android:name="android.intent.category.LAUNCHER" />
74-->[:unityLibrary] AndroidManifest.xml:54:17-77
74-->[:unityLibrary] AndroidManifest.xml:54:27-74
75
76                <action android:name="android.intent.action.MAIN" />
76-->[:unityLibrary] AndroidManifest.xml:56:17-69
76-->[:unityLibrary] AndroidManifest.xml:56:25-66
77            </intent-filter>
78
79            <meta-data
79-->[:unityLibrary] AndroidManifest.xml:59:13-61:40
80                android:name="unityplayer.UnityActivity"
80-->[:unityLibrary] AndroidManifest.xml:60:17-57
81                android:value="true" />
81-->[:unityLibrary] AndroidManifest.xml:61:17-37
82            <meta-data
82-->[:unityLibrary] AndroidManifest.xml:62:13-64:40
83                android:name="notch_support"
83-->[:unityLibrary] AndroidManifest.xml:63:17-45
84                android:value="true" />
84-->[:unityLibrary] AndroidManifest.xml:64:17-37
85        </activity>
86
87        <service
87-->[:app-debug:] AndroidManifest.xml:20:9-23:39
88            android:name="com.kdg.toast.plugin.PedometerService"
88-->[:app-debug:] AndroidManifest.xml:21:13-65
89            android:enabled="true"
89-->[:app-debug:] AndroidManifest.xml:22:13-35
90            android:exported="true" />
90-->[:app-debug:] AndroidManifest.xml:23:13-36
91    </application>
92
93</manifest>